<?xml version="1.0" encoding="UTF-8"?>
<testng-results skipped="0" failed="0" ignored="0" total="1" passed="1">
  <reporter-output>
  </reporter-output>
  <suite name="Default Suite" duration-ms="2061" started-at="2021-12-15T00:40:53 TRT" finished-at="2021-12-15T00:40:55 TRT">
    <groups>
    </groups>
    <test name="RestAssured" duration-ms="2061" started-at="2021-12-15T00:40:53 TRT" finished-at="2021-12-15T00:40:55 TRT">
      <class name="TestCases">
        <test-method status="PASS" signature="test1()[pri:0, instance:TestCases@29774679]" name="test1" duration-ms="2031" started-at="2021-12-15T00:40:53 TRT" finished-at="2021-12-15T00:40:55 TRT">
          <reporter-output>
          </reporter-output>
        </test-method> <!-- test1 -->
      </class> <!-- TestCases -->
    </test> <!-- RestAssured -->
  </suite> <!-- Default Suite -->
</testng-results>
